<?xml version="1.0" encoding="UTF-8"?>
<testsuite xmlns:xsi="http://www.w3.org/2001/XMLSchema-instance" xsi:noNamespaceSchemaLocation="https://maven.apache.org/surefire/maven-surefire-plugin/xsd/surefire-test-report.xsd" name="mx.tec.lab.TestHtmlApplicationTests" time="3.24" tests="1" errors="0" skipped="0" failures="0">
  <properties>
    <property name="sun.desktop" value="windows"/>
    <property name="awt.toolkit" value="sun.awt.windows.WToolkit"/>
    <property name="file.encoding.pkg" value="sun.io"/>
    <property name="java.specification.version" value="1.8"/>
    <property name="sun.cpu.isalist" value="amd64"/>
    <property name="sun.jnu.encoding" value="MS932"/>
    <property name="java.class.path" value="C:\Users\anaki\Documents\workspace-spring-tool-suite-4-4.5.1.RELEASE\testHtml\target\test-classes;C:\Users\anaki\Documents\workspace-spring-tool-suite-4-4.5.1.RELEASE\testHtml\target\classes;C:\Users\anaki\.m2\repository\org\springframework\boot\spring-boot-starter\2.2.6.RELEASE\spring-boot-starter-2.2.6.RELEASE.jar;C:\Users\anaki\.m2\repository\org\springframework\boot\spring-boot\2.2.6.RELEASE\spring-boot-2.2.6.RELEASE.jar;C:\Users\anaki\.m2\repository\org\springframework\spring-context\5.2.5.RELEASE\spring-context-5.2.5.RELEASE.jar;C:\Users\anaki\.m2\repository\org\springframework\spring-aop\5.2.5.RELEASE\spring-aop-5.2.5.RELEASE.jar;C:\Users\anaki\.m2\repository\org\springframework\spring-beans\5.2.5.RELEASE\spring-beans-5.2.5.RELEASE.jar;C:\Users\anaki\.m2\repository\org\springframework\spring-expression\5.2.5.RELEASE\spring-expression-5.2.5.RELEASE.jar;C:\Users\anaki\.m2\repository\org\springframework\boot\spring-boot-autoconfigure\2.2.6.RELEASE\spring-boot-autoconfigure-2.2.6.RELEASE.jar;C:\Users\anaki\.m2\repository\org\springframework\boot\spring-boot-starter-logging\2.2.6.RELEASE\spring-boot-starter-logging-2.2.6.RELEASE.jar;C:\Users\anaki\.m2\repository\ch\qos\logback\logback-classic\1.2.3\logback-classic-1.2.3.jar;C:\Users\anaki\.m2\repository\ch\qos\logback\logback-core\1.2.3\logback-core-1.2.3.jar;C:\Users\anaki\.m2\repository\org\apache\logging\log4j\log4j-to-slf4j\2.12.1\log4j-to-slf4j-2.12.1.jar;C:\Users\anaki\.m2\repository\org\apache\logging\log4j\log4j-api\2.12.1\log4j-api-2.12.1.jar;C:\Users\anaki\.m2\repository\org\slf4j\jul-to-slf4j\1.7.30\jul-to-slf4j-1.7.30.jar;C:\Users\anaki\.m2\repository\jakarta\annotation\jakarta.annotation-api\1.3.5\jakarta.annotation-api-1.3.5.jar;C:\Users\anaki\.m2\repository\org\springframework\spring-core\5.2.5.RELEASE\spring-core-5.2.5.RELEASE.jar;C:\Users\anaki\.m2\repository\org\springframework\spring-jcl\5.2.5.RELEASE\spring-jcl-5.2.5.RELEASE.jar;C:\Users\anaki\.m2\repository\org\yaml\snakeyaml\1.25\snakeyaml-1.25.jar;C:\Users\anaki\.m2\repository\org\springframework\boot\spring-boot-starter-test\2.2.6.RELEASE\spring-boot-starter-test-2.2.6.RELEASE.jar;C:\Users\anaki\.m2\repository\org\springframework\boot\spring-boot-test\2.2.6.RELEASE\spring-boot-test-2.2.6.RELEASE.jar;C:\Users\anaki\.m2\repository\org\springframework\boot\spring-boot-test-autoconfigure\2.2.6.RELEASE\spring-boot-test-autoconfigure-2.2.6.RELEASE.jar;C:\Users\anaki\.m2\repository\com\jayway\jsonpath\json-path\2.4.0\json-path-2.4.0.jar;C:\Users\anaki\.m2\repository\net\minidev\json-smart\2.3\json-smart-2.3.jar;C:\Users\anaki\.m2\repository\net\minidev\accessors-smart\1.2\accessors-smart-1.2.jar;C:\Users\anaki\.m2\repository\org\ow2\asm\asm\5.0.4\asm-5.0.4.jar;C:\Users\anaki\.m2\repository\org\slf4j\slf4j-api\1.7.30\slf4j-api-1.7.30.jar;C:\Users\anaki\.m2\repository\jakarta\xml\bind\jakarta.xml.bind-api\2.3.3\jakarta.xml.bind-api-2.3.3.jar;C:\Users\anaki\.m2\repository\jakarta\activation\jakarta.activation-api\1.2.2\jakarta.activation-api-1.2.2.jar;C:\Users\anaki\.m2\repository\org\junit\jupiter\junit-jupiter\5.5.2\junit-jupiter-5.5.2.jar;C:\Users\anaki\.m2\repository\org\junit\jupiter\junit-jupiter-api\5.5.2\junit-jupiter-api-5.5.2.jar;C:\Users\anaki\.m2\repository\org\apiguardian\apiguardian-api\1.1.0\apiguardian-api-1.1.0.jar;C:\Users\anaki\.m2\repository\org\opentest4j\opentest4j\1.2.0\opentest4j-1.2.0.jar;C:\Users\anaki\.m2\repository\org\junit\platform\junit-platform-commons\1.5.2\junit-platform-commons-1.5.2.jar;C:\Users\anaki\.m2\repository\org\junit\jupiter\junit-jupiter-params\5.5.2\junit-jupiter-params-5.5.2.jar;C:\Users\anaki\.m2\repository\org\junit\jupiter\junit-jupiter-engine\5.5.2\junit-jupiter-engine-5.5.2.jar;C:\Users\anaki\.m2\repository\org\junit\platform\junit-platform-engine\1.5.2\junit-platform-engine-1.5.2.jar;C:\Users\anaki\.m2\repository\org\mockito\mockito-junit-jupiter\3.1.0\mockito-junit-jupiter-3.1.0.jar;C:\Users\anaki\.m2\repository\org\assertj\assertj-core\3.13.2\assertj-core-3.13.2.jar;C:\Users\anaki\.m2\repository\org\hamcrest\hamcrest\2.1\hamcrest-2.1.jar;C:\Users\anaki\.m2\repository\org\mockito\mockito-core\3.1.0\mockito-core-3.1.0.jar;C:\Users\anaki\.m2\repository\net\bytebuddy\byte-buddy\1.10.8\byte-buddy-1.10.8.jar;C:\Users\anaki\.m2\repository\net\bytebuddy\byte-buddy-agent\1.10.8\byte-buddy-agent-1.10.8.jar;C:\Users\anaki\.m2\repository\org\objenesis\objenesis\2.6\objenesis-2.6.jar;C:\Users\anaki\.m2\repository\org\skyscreamer\jsonassert\1.5.0\jsonassert-1.5.0.jar;C:\Users\anaki\.m2\repository\com\vaadin\external\google\android-json\0.0.20131108.vaadin1\android-json-0.0.20131108.vaadin1.jar;C:\Users\anaki\.m2\repository\org\springframework\spring-test\5.2.5.RELEASE\spring-test-5.2.5.RELEASE.jar;C:\Users\anaki\.m2\repository\org\xmlunit\xmlunit-core\2.6.4\xmlunit-core-2.6.4.jar;C:\Users\anaki\.m2\repository\net\sourceforge\htmlunit\htmlunit\2.36.0\htmlunit-2.36.0.jar;C:\Users\anaki\.m2\repository\xalan\xalan\2.7.2\xalan-2.7.2.jar;C:\Users\anaki\.m2\repository\xalan\serializer\2.7.2\serializer-2.7.2.jar;C:\Users\anaki\.m2\repository\org\apache\commons\commons-lang3\3.9\commons-lang3-3.9.jar;C:\Users\anaki\.m2\repository\org\apache\commons\commons-text\1.7\commons-text-1.7.jar;C:\Users\anaki\.m2\repository\org\apache\httpcomponents\httpmime\4.5.12\httpmime-4.5.12.jar;C:\Users\anaki\.m2\repository\org\apache\httpcomponents\httpclient\4.5.12\httpclient-4.5.12.jar;C:\Users\anaki\.m2\repository\org\apache\httpcomponents\httpcore\4.4.13\httpcore-4.4.13.jar;C:\Users\anaki\.m2\repository\commons-codec\commons-codec\1.13\commons-codec-1.13.jar;C:\Users\anaki\.m2\repository\net\sourceforge\htmlunit\htmlunit-core-js\2.36.0\htmlunit-core-js-2.36.0.jar;C:\Users\anaki\.m2\repository\net\sourceforge\htmlunit\neko-htmlunit\2.36.0\neko-htmlunit-2.36.0.jar;C:\Users\anaki\.m2\repository\xerces\xercesImpl\2.12.0\xercesImpl-2.12.0.jar;C:\Users\anaki\.m2\repository\xml-apis\xml-apis\1.4.01\xml-apis-1.4.01.jar;C:\Users\anaki\.m2\repository\net\sourceforge\htmlunit\htmlunit-cssparser\1.5.0\htmlunit-cssparser-1.5.0.jar;C:\Users\anaki\.m2\repository\commons-io\commons-io\2.6\commons-io-2.6.jar;C:\Users\anaki\.m2\repository\commons-net\commons-net\3.6\commons-net-3.6.jar;C:\Users\anaki\.m2\repository\org\brotli\dec\0.1.2\dec-0.1.2.jar;C:\Users\anaki\.m2\repository\org\eclipse\jetty\websocket\websocket-client\9.4.27.v20200227\websocket-client-9.4.27.v20200227.jar;C:\Users\anaki\.m2\repository\org\eclipse\jetty\jetty-client\9.4.27.v20200227\jetty-client-9.4.27.v20200227.jar;C:\Users\anaki\.m2\repository\org\eclipse\jetty\jetty-http\9.4.27.v20200227\jetty-http-9.4.27.v20200227.jar;C:\Users\anaki\.m2\repository\org\eclipse\jetty\jetty-xml\9.4.27.v20200227\jetty-xml-9.4.27.v20200227.jar;C:\Users\anaki\.m2\repository\org\eclipse\jetty\jetty-util\9.4.27.v20200227\jetty-util-9.4.27.v20200227.jar;C:\Users\anaki\.m2\repository\org\eclipse\jetty\jetty-io\9.4.27.v20200227\jetty-io-9.4.27.v20200227.jar;C:\Users\anaki\.m2\repository\org\eclipse\jetty\websocket\websocket-common\9.4.27.v20200227\websocket-common-9.4.27.v20200227.jar;C:\Users\anaki\.m2\repository\org\eclipse\jetty\websocket\websocket-api\9.4.27.v20200227\websocket-api-9.4.27.v20200227.jar;"/>
    <property name="java.vm.vendor" value=""/>
    <property name="sun.arch.data.model" value="64"/>
    <property name="user.variant" value=""/>
    <property name="java.vendor.url" value="http://java.oracle.com/"/>
    <property name="user.timezone" value="America/Chihuahua"/>
    <property name="java.vm.specification.version" value="1.8"/>
    <property name="os.name" value="Windows 10"/>
    <property name="user.country" value="US"/>
    <property name="sun.java.launcher" value="SUN_STANDARD"/>
    <property name="sun.boot.library.path" value="C:\Users\anaki\AppData\Local\Programs\AdoptOpenJDK\jre\bin"/>
    <property name="sun.java.command" value="C:\Users\anaki\AppData\Local\Temp\surefire7199691882398861906\surefirebooter2685200098249169992.jar C:\Users\anaki\AppData\Local\Temp\surefire7199691882398861906 2020-04-14T14-08-20_838-jvmRun1 surefire114603608481761888tmp surefire_05242407183043758239tmp"/>
    <property name="surefire.test.class.path" value="C:\Users\anaki\Documents\workspace-spring-tool-suite-4-4.5.1.RELEASE\testHtml\target\test-classes;C:\Users\anaki\Documents\workspace-spring-tool-suite-4-4.5.1.RELEASE\testHtml\target\classes;C:\Users\anaki\.m2\repository\org\springframework\boot\spring-boot-starter\2.2.6.RELEASE\spring-boot-starter-2.2.6.RELEASE.jar;C:\Users\anaki\.m2\repository\org\springframework\boot\spring-boot\2.2.6.RELEASE\spring-boot-2.2.6.RELEASE.jar;C:\Users\anaki\.m2\repository\org\springframework\spring-context\5.2.5.RELEASE\spring-context-5.2.5.RELEASE.jar;C:\Users\anaki\.m2\repository\org\springframework\spring-aop\5.2.5.RELEASE\spring-aop-5.2.5.RELEASE.jar;C:\Users\anaki\.m2\repository\org\springframework\spring-beans\5.2.5.RELEASE\spring-beans-5.2.5.RELEASE.jar;C:\Users\anaki\.m2\repository\org\springframework\spring-expression\5.2.5.RELEASE\spring-expression-5.2.5.RELEASE.jar;C:\Users\anaki\.m2\repository\org\springframework\boot\spring-boot-autoconfigure\2.2.6.RELEASE\spring-boot-autoconfigure-2.2.6.RELEASE.jar;C:\Users\anaki\.m2\repository\org\springframework\boot\spring-boot-starter-logging\2.2.6.RELEASE\spring-boot-starter-logging-2.2.6.RELEASE.jar;C:\Users\anaki\.m2\repository\ch\qos\logback\logback-classic\1.2.3\logback-classic-1.2.3.jar;C:\Users\anaki\.m2\repository\ch\qos\logback\logback-core\1.2.3\logback-core-1.2.3.jar;C:\Users\anaki\.m2\repository\org\apache\logging\log4j\log4j-to-slf4j\2.12.1\log4j-to-slf4j-2.12.1.jar;C:\Users\anaki\.m2\repository\org\apache\logging\log4j\log4j-api\2.12.1\log4j-api-2.12.1.jar;C:\Users\anaki\.m2\repository\org\slf4j\jul-to-slf4j\1.7.30\jul-to-slf4j-1.7.30.jar;C:\Users\anaki\.m2\repository\jakarta\annotation\jakarta.annotation-api\1.3.5\jakarta.annotation-api-1.3.5.jar;C:\Users\anaki\.m2\repository\org\springframework\spring-core\5.2.5.RELEASE\spring-core-5.2.5.RELEASE.jar;C:\Users\anaki\.m2\repository\org\springframework\spring-jcl\5.2.5.RELEASE\spring-jcl-5.2.5.RELEASE.jar;C:\Users\anaki\.m2\repository\org\yaml\snakeyaml\1.25\snakeyaml-1.25.jar;C:\Users\anaki\.m2\repository\org\springframework\boot\spring-boot-starter-test\2.2.6.RELEASE\spring-boot-starter-test-2.2.6.RELEASE.jar;C:\Users\anaki\.m2\repository\org\springframework\boot\spring-boot-test\2.2.6.RELEASE\spring-boot-test-2.2.6.RELEASE.jar;C:\Users\anaki\.m2\repository\org\springframework\boot\spring-boot-test-autoconfigure\2.2.6.RELEASE\spring-boot-test-autoconfigure-2.2.6.RELEASE.jar;C:\Users\anaki\.m2\repository\com\jayway\jsonpath\json-path\2.4.0\json-path-2.4.0.jar;C:\Users\anaki\.m2\repository\net\minidev\json-smart\2.3\json-smart-2.3.jar;C:\Users\anaki\.m2\repository\net\minidev\accessors-smart\1.2\accessors-smart-1.2.jar;C:\Users\anaki\.m2\repository\org\ow2\asm\asm\5.0.4\asm-5.0.4.jar;C:\Users\anaki\.m2\repository\org\slf4j\slf4j-api\1.7.30\slf4j-api-1.7.30.jar;C:\Users\anaki\.m2\repository\jakarta\xml\bind\jakarta.xml.bind-api\2.3.3\jakarta.xml.bind-api-2.3.3.jar;C:\Users\anaki\.m2\repository\jakarta\activation\jakarta.activation-api\1.2.2\jakarta.activation-api-1.2.2.jar;C:\Users\anaki\.m2\repository\org\junit\jupiter\junit-jupiter\5.5.2\junit-jupiter-5.5.2.jar;C:\Users\anaki\.m2\repository\org\junit\jupiter\junit-jupiter-api\5.5.2\junit-jupiter-api-5.5.2.jar;C:\Users\anaki\.m2\repository\org\apiguardian\apiguardian-api\1.1.0\apiguardian-api-1.1.0.jar;C:\Users\anaki\.m2\repository\org\opentest4j\opentest4j\1.2.0\opentest4j-1.2.0.jar;C:\Users\anaki\.m2\repository\org\junit\platform\junit-platform-commons\1.5.2\junit-platform-commons-1.5.2.jar;C:\Users\anaki\.m2\repository\org\junit\jupiter\junit-jupiter-params\5.5.2\junit-jupiter-params-5.5.2.jar;C:\Users\anaki\.m2\repository\org\junit\jupiter\junit-jupiter-engine\5.5.2\junit-jupiter-engine-5.5.2.jar;C:\Users\anaki\.m2\repository\org\junit\platform\junit-platform-engine\1.5.2\junit-platform-engine-1.5.2.jar;C:\Users\anaki\.m2\repository\org\mockito\mockito-junit-jupiter\3.1.0\mockito-junit-jupiter-3.1.0.jar;C:\Users\anaki\.m2\repository\org\assertj\assertj-core\3.13.2\assertj-core-3.13.2.jar;C:\Users\anaki\.m2\repository\org\hamcrest\hamcrest\2.1\hamcrest-2.1.jar;C:\Users\anaki\.m2\repository\org\mockito\mockito-core\3.1.0\mockito-core-3.1.0.jar;C:\Users\anaki\.m2\repository\net\bytebuddy\byte-buddy\1.10.8\byte-buddy-1.10.8.jar;C:\Users\anaki\.m2\repository\net\bytebuddy\byte-buddy-agent\1.10.8\byte-buddy-agent-1.10.8.jar;C:\Users\anaki\.m2\repository\org\objenesis\objenesis\2.6\objenesis-2.6.jar;C:\Users\anaki\.m2\repository\org\skyscreamer\jsonassert\1.5.0\jsonassert-1.5.0.jar;C:\Users\anaki\.m2\repository\com\vaadin\external\google\android-json\0.0.20131108.vaadin1\android-json-0.0.20131108.vaadin1.jar;C:\Users\anaki\.m2\repository\org\springframework\spring-test\5.2.5.RELEASE\spring-test-5.2.5.RELEASE.jar;C:\Users\anaki\.m2\repository\org\xmlunit\xmlunit-core\2.6.4\xmlunit-core-2.6.4.jar;C:\Users\anaki\.m2\repository\net\sourceforge\htmlunit\htmlunit\2.36.0\htmlunit-2.36.0.jar;C:\Users\anaki\.m2\repository\xalan\xalan\2.7.2\xalan-2.7.2.jar;C:\Users\anaki\.m2\repository\xalan\serializer\2.7.2\serializer-2.7.2.jar;C:\Users\anaki\.m2\repository\org\apache\commons\commons-lang3\3.9\commons-lang3-3.9.jar;C:\Users\anaki\.m2\repository\org\apache\commons\commons-text\1.7\commons-text-1.7.jar;C:\Users\anaki\.m2\repository\org\apache\httpcomponents\httpmime\4.5.12\httpmime-4.5.12.jar;C:\Users\anaki\.m2\repository\org\apache\httpcomponents\httpclient\4.5.12\httpclient-4.5.12.jar;C:\Users\anaki\.m2\repository\org\apache\httpcomponents\httpcore\4.4.13\httpcore-4.4.13.jar;C:\Users\anaki\.m2\repository\commons-codec\commons-codec\1.13\commons-codec-1.13.jar;C:\Users\anaki\.m2\repository\net\sourceforge\htmlunit\htmlunit-core-js\2.36.0\htmlunit-core-js-2.36.0.jar;C:\Users\anaki\.m2\repository\net\sourceforge\htmlunit\neko-htmlunit\2.36.0\neko-htmlunit-2.36.0.jar;C:\Users\anaki\.m2\repository\xerces\xercesImpl\2.12.0\xercesImpl-2.12.0.jar;C:\Users\anaki\.m2\repository\xml-apis\xml-apis\1.4.01\xml-apis-1.4.01.jar;C:\Users\anaki\.m2\repository\net\sourceforge\htmlunit\htmlunit-cssparser\1.5.0\htmlunit-cssparser-1.5.0.jar;C:\Users\anaki\.m2\repository\commons-io\commons-io\2.6\commons-io-2.6.jar;C:\Users\anaki\.m2\repository\commons-net\commons-net\3.6\commons-net-3.6.jar;C:\Users\anaki\.m2\repository\org\brotli\dec\0.1.2\dec-0.1.2.jar;C:\Users\anaki\.m2\repository\org\eclipse\jetty\websocket\websocket-client\9.4.27.v20200227\websocket-client-9.4.27.v20200227.jar;C:\Users\anaki\.m2\repository\org\eclipse\jetty\jetty-client\9.4.27.v20200227\jetty-client-9.4.27.v20200227.jar;C:\Users\anaki\.m2\repository\org\eclipse\jetty\jetty-http\9.4.27.v20200227\jetty-http-9.4.27.v20200227.jar;C:\Users\anaki\.m2\repository\org\eclipse\jetty\jetty-xml\9.4.27.v20200227\jetty-xml-9.4.27.v20200227.jar;C:\Users\anaki\.m2\repository\org\eclipse\jetty\jetty-util\9.4.27.v20200227\jetty-util-9.4.27.v20200227.jar;C:\Users\anaki\.m2\repository\org\eclipse\jetty\jetty-io\9.4.27.v20200227\jetty-io-9.4.27.v20200227.jar;C:\Users\anaki\.m2\repository\org\eclipse\jetty\websocket\websocket-common\9.4.27.v20200227\websocket-common-9.4.27.v20200227.jar;C:\Users\anaki\.m2\repository\org\eclipse\jetty\websocket\websocket-api\9.4.27.v20200227\websocket-api-9.4.27.v20200227.jar;"/>
    <property name="sun.cpu.endian" value="little"/>
    <property name="user.home" value="C:\Users\anaki"/>
    <property name="user.language" value="en"/>
    <property name="java.specification.vendor" value="Oracle Corporation"/>
    <property name="java.home" value="C:\Users\anaki\AppData\Local\Programs\AdoptOpenJDK\jre"/>
    <property name="basedir" value="C:\Users\anaki\Documents\workspace-spring-tool-suite-4-4.5.1.RELEASE\testHtml"/>
    <property name="style.color" value="always"/>
    <property name="file.separator" value="\"/>
    <property name="line.separator" value="&#10;"/>
    <property name="java.vm.specification.vendor" value="Oracle Corporation"/>
    <property name="java.specification.name" value="Java Platform API Specification"/>
    <property name="java.awt.graphicsenv" value="sun.awt.Win32GraphicsEnvironment"/>
    <property name="surefire.real.class.path" value="C:\Users\anaki\AppData\Local\Temp\surefire7199691882398861906\surefirebooter2685200098249169992.jar"/>
    <property name="sun.boot.class.path" value="C:\Users\anaki\AppData\Local\Programs\AdoptOpenJDK\jre\lib\resources.jar;C:\Users\anaki\AppData\Local\Programs\AdoptOpenJDK\jre\lib\rt.jar;C:\Users\anaki\AppData\Local\Programs\AdoptOpenJDK\jre\lib\sunrsasign.jar;C:\Users\anaki\AppData\Local\Programs\AdoptOpenJDK\jre\lib\jsse.jar;C:\Users\anaki\AppData\Local\Programs\AdoptOpenJDK\jre\lib\jce.jar;C:\Users\anaki\AppData\Local\Programs\AdoptOpenJDK\jre\lib\charsets.jar;C:\Users\anaki\AppData\Local\Programs\AdoptOpenJDK\jre\lib\jfr.jar;C:\Users\anaki\AppData\Local\Programs\AdoptOpenJDK\jre\classes"/>
    <property name="user.script" value=""/>
    <property name="sun.management.compiler" value="HotSpot 64-Bit Tiered Compilers"/>
    <property name="java.runtime.version" value="1.8.0_222-b10"/>
    <property name="user.name" value="anaki"/>
    <property name="path.separator" value=";"/>
    <property name="os.version" value="10.0"/>
    <property name="java.endorsed.dirs" value="C:\Users\anaki\AppData\Local\Programs\AdoptOpenJDK\jre\lib\endorsed"/>
    <property name="java.runtime.name" value="OpenJDK Runtime Environment"/>
    <property name="file.encoding" value="MS932"/>
    <property name="java.vm.name" value="OpenJDK 64-Bit Server VM"/>
    <property name="localRepository" value="C:\Users\anaki\.m2\repository"/>
    <property name="java.vendor.url.bug" value="http://bugreport.sun.com/bugreport/"/>
    <property name="java.io.tmpdir" value="C:\Users\anaki\AppData\Local\Temp\"/>
    <property name="java.version" value="1.8.0_222"/>
    <property name="user.dir" value="C:\Users\anaki\Documents\workspace-spring-tool-suite-4-4.5.1.RELEASE\testHtml"/>
    <property name="os.arch" value="amd64"/>
    <property name="java.vm.specification.name" value="Java Virtual Machine Specification"/>
    <property name="java.awt.printerjob" value="sun.awt.windows.WPrinterJob"/>
    <property name="sun.os.patch.level" value=""/>
    <property name="java.library.path" value="C:\Users\anaki\AppData\Local\Programs\AdoptOpenJDK\jre\bin;C:\WINDOWS\Sun\Java\bin;C:\WINDOWS\system32;C:\WINDOWS;C:/Program Files/Java/jre1.8.0_241/bin/server;C:/Program Files/Java/jre1.8.0_241/bin;C:/Program Files/Java/jre1.8.0_241/lib/amd64;C:\Program Files (x86)\Common Files\Oracle\Java\javapath;C:\Python27\;C:\Python27\Scripts;C:\WinAVR-20100110\bin;C:\WinAVR-20100110\utils\bin;C:\Program Files\nodejs\;C:\ProgramData\chocolatey\bin;C:\Windows\System32;C:\Program Files\Git\cmd;C:\Program Files (x86)\NVIDIA Corporation\PhysX\Common;C:\Program Files\dotnet\;C:\Users\anaki\AppData\Local\Programs\AdoptOpenJDK\bin;C:\Users\anaki\AppData\Local\Microsoft\WindowsApps;;C:\Users\anaki\AppData\Local\Programs\Microsoft VS Code\bin;C:\Users\anaki\AppData\Roaming\npm;C:\WINDOWS\system32;;."/>
    <property name="java.vm.info" value="mixed mode"/>
    <property name="java.vendor" value="AdoptOpenJDK"/>
    <property name="java.vm.version" value="25.222-b10"/>
    <property name="java.ext.dirs" value="C:\Users\anaki\AppData\Local\Programs\AdoptOpenJDK\jre\lib\ext;C:\WINDOWS\Sun\Java\lib\ext"/>
    <property name="sun.io.unicode.encoding" value="UnicodeLittle"/>
    <property name="java.class.version" value="52.0"/>
  </properties>
  <testcase name="contextLoads" classname="mx.tec.lab.TestHtmlApplicationTests" time="0.228"/>
</testsuite>